<?xml version="1.0" encoding="UTF-8"?>
<!-- Generated by org.testng.reporters.JUnitReportReporter -->
<testsuite hostname="AJAX-486-PC" name="rediffTests.LoginTest" tests="1" failures="0" timestamp="30 Mar 2019 09:17:38 GMT" time="20.346" errors="0">
  <testcase name="loginTest" time="20.346" classname="rediffTests.LoginTest"/>
</testsuite> <!-- rediffTests.LoginTest -->
